Using pre-set license
Built from '2020.3/release' branch; Version is '2020.3.12f1 (b3b2c6512326) revision 11776710'; Using compiler version '192528614'; Build Type 'Release'
OS: 'Windows 10 Home Single Language; OS build 19041.1052; Version 2004; 64bit' Language: 'en' Physical Memory: 12109 MB
BatchMode: 1, IsHumanControllingUs: 0, StartBugReporterOnCrash: 0, Is64bit: 1, IsPro: 0

 COMMAND LINE ARGUMENTS:
C:\Program Files\Unity\Hub\Editor\2020.3.12f1\Editor\Unity.exe
-adb2
-batchMode
-noUpm
-name
AssetImportWorker0
-projectPath
D:/Adobe/Augmented Reality/Unity/Project/JuniorProgramer/Project_Week4/Project_Week_4
-logFile
Logs/AssetImportWorker0.log
-srvPort
65328
Successfully changed project path to: D:/Adobe/Augmented Reality/Unity/Project/JuniorProgramer/Project_Week4/Project_Week_4
D:/Adobe/Augmented Reality/Unity/Project/JuniorProgramer/Project_Week4/Project_Week_4
Using Asset Import Pipeline V2.
Refreshing native plugins compatible for Editor in 64.04 ms, found 2 plugins.
Preloading 0 native plugins for Editor in 0.00 ms.
Initialize engine version: 2020.3.12f1 (b3b2c6512326)
[Subsystems] Discovering subsystems at path C:/Program Files/Unity/Hub/Editor/2020.3.12f1/Editor/Data/Resources/UnitySubsystems
[Subsystems] Discovering subsystems at path D:/Adobe/Augmented Reality/Unity/Project/JuniorProgramer/Project_Week4/Project_Week_4/Assets
GfxDevice: creating device client; threaded=0
Direct3D:
    Version:  Direct3D 11.0 [level 11.1]
    Renderer: NVIDIA GeForce GTX 1650 Ti with Max-Q Design (ID=0x1f95)
    Vendor:   
    VRAM:     3962 MB
    Driver:   27.21.14.6221
Initialize mono
Mono path[0] = 'C:/Program Files/Unity/Hub/Editor/2020.3.12f1/Editor/Data/Managed'
Mono path[1] = 'C:/Program Files/Unity/Hub/Editor/2020.3.12f1/Editor/Data/MonoBleedingEdge/lib/mono/unityjit'
Mono config path = 'C:/Program Files/Unity/Hub/Editor/2020.3.12f1/Editor/Data/MonoBleedingEdge/etc'
Using monoOptions --debugger-agent=transport=dt_socket,embedding=1,server=y,suspend=n,address=127.0.0.1:56784
Begin MonoManager ReloadAssembly
Registering precompiled unity dll's ...
Register platform support module: C:/Program Files/Unity/Hub/Editor/2020.3.12f1/Editor/Data/PlaybackEngines/WebGLSupport/UnityEditor.WebGL.Extensions.dll
Register platform support module: C:/Program Files/Unity/Hub/Editor/2020.3.12f1/Editor/Data/PlaybackEngines/WindowsStandaloneSupport/UnityEditor.WindowsStandalone.Extensions.dll
Registered in 0.005459 seconds.
Native extension for WindowsStandalone target not found
Native extension for WebGL target not found
Refreshing native plugins compatible for Editor in 61.45 ms, found 2 plugins.
Preloading 0 native plugins for Editor in 0.00 ms.
Mono: successfully reloaded assembly
- Completed reload, in  8.300 seconds
Platform modules already initialized, skipping
Registering precompiled user dll's ...
Registered in 0.018040 seconds.
Begin MonoManager ReloadAssembly
Native extension for WindowsStandalone target not found
Native extension for WebGL target not found
Refreshing native plugins compatible for Editor in 0.85 ms, found 2 plugins.
Preloading 0 native plugins for Editor in 0.00 ms.
Mono: successfully reloaded assembly
- Completed reload, in  1.888 seconds
Platform modules already initialized, skipping
========================================================================
Worker process is ready to serve import requests
Launched and connected shader compiler UnityShaderCompiler.exe after 0.07 seconds
Refreshing native plugins compatible for Editor in 0.81 ms, found 2 plugins.
Preloading 0 native plugins for Editor in 0.00 ms.
Unloading 1471 Unused Serialized files (Serialized files now loaded: 0)
System memory in use before: 72.3 MB.
System memory in use after: 72.4 MB.

Unloading 20 unused Assets to reduce memory usage. Loaded Objects now: 1910.
Total: 2.721700 ms (FindLiveObjects: 0.283900 ms CreateObjectMapping: 0.149200 ms MarkObjects: 2.183800 ms  DeleteObjects: 0.103100 ms)

AssetImportParameters requested are different than current active one (requested -> active):
  custom:framework-win-MediaFoundation: 216162199b28c13a410421893ffa2e32 -> 
  custom:video-decoder-ogg-theora: a1e56fd34408186e4bbccfd4996cb3dc -> 
  custom:container-muxer-webm: aa71ff27fc2769a1b78a27578f13a17b -> 
  custom:container-demuxer-webm: 4f35f7cbe854078d1ac9338744f61a02 -> 
  custom:container-demuxer-ogg: 62fdf1f143b41e24485cea50d1cbac27 -> 
  custom:video-encoder-webm-vp8: eb34c28f22e8b96e1ab97ce403110664 -> 
  custom:video-decoder-webm-vp8: 9c59270c3fd7afecdb556c50c9e8de78 -> 
  custom:audio-decoder-ogg-vorbis: bf7c407c2cedff20999df2af8eb42d56 -> 
  custom:audio-encoder-webm-vorbis: bf7c407c2cedff20999df2af8eb42d56 -> 
========================================================================
Received Import Request.
  path: Assets/Source/3DModel/Missles/Material/defaultMat.mat
  artifactKey: Guid(875b8f3957dc0de47be1b87eccc9aba0) Importer(815301076,1909f56bfc062723c751e8b465ee728b)
Start importing Assets/Source/3DModel/Missles/Material/defaultMat.mat using Guid(875b8f3957dc0de47be1b87eccc9aba0) Importer(815301076,1909f56bfc062723c751e8b465ee728b)  -> (artifact id: '0bf323458ca5c365fe9f2efa44698ff4') in 0.544345 seconds 
  Import took 0.555408 seconds .

========================================================================
Received Import Request.
  Time since last request: 0.000655 seconds.
  path: Assets/Source/3DModel/Meteor/meteorite (1)/material/Tex_0073_0_png.mat
  artifactKey: Guid(ce6f8ce849de64a4098deba47cd1740b) Importer(815301076,1909f56bfc062723c751e8b465ee728b)
Start importing Assets/Source/3DModel/Meteor/meteorite (1)/material/Tex_0073_0_png.mat using Guid(ce6f8ce849de64a4098deba47cd1740b) Importer(815301076,1909f56bfc062723c751e8b465ee728b)  -> (artifact id: '757466753b19eb46926870d08b3767ab') in 0.061482 seconds 
  Import took 0.068279 seconds .

========================================================================
Received Import Request.
  Time since last request: 0.000499 seconds.
  path: Assets/Source/3DModel/Meteor/crystal-special-100-followers/material/crystal.mat.mat
  artifactKey: Guid(1aa3fb06550b1224f91eb85b32af5f12) Importer(815301076,1909f56bfc062723c751e8b465ee728b)
Start importing Assets/Source/3DModel/Meteor/crystal-special-100-followers/material/crystal.mat.mat using Guid(1aa3fb06550b1224f91eb85b32af5f12) Importer(815301076,1909f56bfc062723c751e8b465ee728b)  -> (artifact id: 'c0cbc74f898b9bf9bf28e2fb9801ac96') in 0.320842 seconds 
  Import took 0.328945 seconds .

========================================================================
Received Import Request.
  Time since last request: 0.000643 seconds.
  path: Assets/Aerial Explosion Tutorial/Spark.mat
  artifactKey: Guid(e097e0ca551c28647a5a126e44c35bbc) Importer(815301076,1909f56bfc062723c751e8b465ee728b)
Start importing Assets/Aerial Explosion Tutorial/Spark.mat using Guid(e097e0ca551c28647a5a126e44c35bbc) Importer(815301076,1909f56bfc062723c751e8b465ee728b)  -> (artifact id: '31b6124835393c064d09312584e1c4ff') in 0.084204 seconds 
  Import took 0.092001 seconds .

========================================================================
Received Import Request.
  Time since last request: 0.000374 seconds.
  path: Assets/Source/3DModel/Player/low-poly-starship-ss01/material/lambert2.mat
  artifactKey: Guid(587356afe70ee5347b55ea8acaa922e5) Importer(815301076,1909f56bfc062723c751e8b465ee728b)
Start importing Assets/Source/3DModel/Player/low-poly-starship-ss01/material/lambert2.mat using Guid(587356afe70ee5347b55ea8acaa922e5) Importer(815301076,1909f56bfc062723c751e8b465ee728b)  -> (artifact id: '9c96537c50038afed34bcb7efb860e97') in 0.068021 seconds 
  Import took 0.075356 seconds .

========================================================================
Received Import Request.
  Time since last request: 0.000257 seconds.
  path: Assets/Source/3DModel/Sci-fi Elements/citadel-mass-effect/Material/01 - Default.mat
  artifactKey: Guid(819f5971fb09eb74d94b6a17d5e8b343) Importer(815301076,1909f56bfc062723c751e8b465ee728b)
Start importing Assets/Source/3DModel/Sci-fi Elements/citadel-mass-effect/Material/01 - Default.mat using Guid(819f5971fb09eb74d94b6a17d5e8b343) Importer(815301076,1909f56bfc062723c751e8b465ee728b)  -> (artifact id: '51d6268818bf051c0cd89f26395e70ac') in 0.085698 seconds 
  Import took 0.091411 seconds .

========================================================================
Received Import Request.
  Time since last request: 0.000292 seconds.
  path: Assets/Source/3DModel/Meteor/crystal-blue/material/crystal.mat.mat
  artifactKey: Guid(877d10e96a74faa4ba063b84bc9d1e18) Importer(815301076,1909f56bfc062723c751e8b465ee728b)
Start importing Assets/Source/3DModel/Meteor/crystal-blue/material/crystal.mat.mat using Guid(877d10e96a74faa4ba063b84bc9d1e18) Importer(815301076,1909f56bfc062723c751e8b465ee728b)  -> (artifact id: 'fa3e6e5c5cc645733f77fbd0ea99a3a5') in 0.146856 seconds 
  Import took 0.153261 seconds .

========================================================================
Received Import Request.
  Time since last request: 0.000208 seconds.
  path: Assets/Prefabs/Meteor/TargetMaterial/Tex_0073_0_png 1.mat
  artifactKey: Guid(58a0c1accc4d3434ab98b29c4c23b117) Importer(815301076,1909f56bfc062723c751e8b465ee728b)
Start importing Assets/Prefabs/Meteor/TargetMaterial/Tex_0073_0_png 1.mat using Guid(58a0c1accc4d3434ab98b29c4c23b117) Importer(815301076,1909f56bfc062723c751e8b465ee728b)  -> (artifact id: 'a43af69db594d189074e4aff56441ada') in 0.030869 seconds 
  Import took 0.035636 seconds .

========================================================================
Received Import Request.
  Time since last request: 0.000244 seconds.
  path: Assets/Source/3DModel/Meteor/meteorite/material/Low_Poly_Retopo001Mat.mat
  artifactKey: Guid(4eb0b490fd9cdb64d8c28614439ef1fe) Importer(815301076,1909f56bfc062723c751e8b465ee728b)
Start importing Assets/Source/3DModel/Meteor/meteorite/material/Low_Poly_Retopo001Mat.mat using Guid(4eb0b490fd9cdb64d8c28614439ef1fe) Importer(815301076,1909f56bfc062723c751e8b465ee728b)  -> (artifact id: '0772cca64e10a4ac570e073076dc8f14') in 0.117533 seconds 
  Import took 0.122122 seconds .

========================================================================
Received Import Request.
  Time since last request: 0.000309 seconds.
  path: Assets/Joystick Pack/Examples/Ground.mat
  artifactKey: Guid(c569c280f0eb52a49a7b2a6b8b0cbcf8) Importer(815301076,1909f56bfc062723c751e8b465ee728b)
Start importing Assets/Joystick Pack/Examples/Ground.mat using Guid(c569c280f0eb52a49a7b2a6b8b0cbcf8) Importer(815301076,1909f56bfc062723c751e8b465ee728b)  -> (artifact id: '5fb0a40c424b7257f928bf284061c557') in 0.033990 seconds 
  Import took 0.037795 seconds .

========================================================================
Received Import Request.
  Time since last request: 0.000271 seconds.
  path: Assets/Aerial Explosion Tutorial/Rings.mat
  artifactKey: Guid(21872fa9b62fb1b43a24e3a3ea2d0046) Importer(815301076,1909f56bfc062723c751e8b465ee728b)
Start importing Assets/Aerial Explosion Tutorial/Rings.mat using Guid(21872fa9b62fb1b43a24e3a3ea2d0046) Importer(815301076,1909f56bfc062723c751e8b465ee728b)  -> (artifact id: 'e4f456988abc6498fc1a2972291b3a9e') in 0.020567 seconds 
  Import took 0.025936 seconds .

========================================================================
Received Import Request.
  Time since last request: 0.000233 seconds.
  path: Assets/TextMesh Pro/Resources/Fonts & Materials/LiberationSans SDF - Fallback.asset
  artifactKey: Guid(2e498d1c8094910479dc3e1b768306a4) Importer(815301076,1909f56bfc062723c751e8b465ee728b)
Start importing Assets/TextMesh Pro/Resources/Fonts & Materials/LiberationSans SDF - Fallback.asset using Guid(2e498d1c8094910479dc3e1b768306a4) Importer(815301076,1909f56bfc062723c751e8b465ee728b)  -> (artifact id: '824048c16fe023a8029ad6b289255227') in 0.080864 seconds 
  Import took 0.085392 seconds .

========================================================================
Received Import Request.
  Time since last request: 0.000393 seconds.
  path: Assets/Joystick Pack/Examples/Player.mat
  artifactKey: Guid(59e4faf24927edf4a82f463ad16f1c37) Importer(815301076,1909f56bfc062723c751e8b465ee728b)
Start importing Assets/Joystick Pack/Examples/Player.mat using Guid(59e4faf24927edf4a82f463ad16f1c37) Importer(815301076,1909f56bfc062723c751e8b465ee728b)  -> (artifact id: '99486deed5d786b1ab9c132d4469fda8') in 0.033120 seconds 
  Import took 0.038398 seconds .

========================================================================
Received Import Request.
  Time since last request: 0.000255 seconds.
  path: Assets/Source/3DModel/Player/star-ship/material/Texter_set_1.mat
  artifactKey: Guid(ec81bf6f82a9a174a8ddcb0ac48f8e47) Importer(815301076,1909f56bfc062723c751e8b465ee728b)
Start importing Assets/Source/3DModel/Player/star-ship/material/Texter_set_1.mat using Guid(ec81bf6f82a9a174a8ddcb0ac48f8e47) Importer(815301076,1909f56bfc062723c751e8b465ee728b)  -> (artifact id: '8254ca842f01a3b824472a034f4a395c') in 0.120513 seconds 
  Import took 0.125108 seconds .

========================================================================
Received Import Request.
  Time since last request: 0.000259 seconds.
  path: Assets/Prefabs/Meteor/TargetMaterial/Low_Poly_Retopo001Mat 1.mat
  artifactKey: Guid(1b32fd18cc29bc44697a4cd88e6e4d77) Importer(815301076,1909f56bfc062723c751e8b465ee728b)
Start importing Assets/Prefabs/Meteor/TargetMaterial/Low_Poly_Retopo001Mat 1.mat using Guid(1b32fd18cc29bc44697a4cd88e6e4d77) Importer(815301076,1909f56bfc062723c751e8b465ee728b)  -> (artifact id: 'b44f62986a82782623c3fa071011471c') in 0.052053 seconds 
  Import took 0.057015 seconds .

========================================================================
Received Import Request.
  Time since last request: 0.000375 seconds.
  path: Assets/Source/3DModel/Player/raven-spaceship-star-conflict-v2/material/defaultMat.mat
  artifactKey: Guid(71341f77bb1a88c46aa9583505f893d0) Importer(815301076,1909f56bfc062723c751e8b465ee728b)
Start importing Assets/Source/3DModel/Player/raven-spaceship-star-conflict-v2/material/defaultMat.mat using Guid(71341f77bb1a88c46aa9583505f893d0) Importer(815301076,1909f56bfc062723c751e8b465ee728b)  -> (artifact id: '910d86273a86afc5428ab3aae8357b0d') in 0.388581 seconds 
  Import took 0.393809 seconds .

========================================================================
Received Import Request.
  Time since last request: 0.000230 seconds.
  path: Assets/Source/3DModel/Player/star-ship/material/Textur_set_2.mat
  artifactKey: Guid(7ae9155a6da7b17419068135658de9c2) Importer(815301076,1909f56bfc062723c751e8b465ee728b)
Start importing Assets/Source/3DModel/Player/star-ship/material/Textur_set_2.mat using Guid(7ae9155a6da7b17419068135658de9c2) Importer(815301076,1909f56bfc062723c751e8b465ee728b)  -> (artifact id: 'ebdbfcda8d3b118e4d507dc37e897c3e') in 0.098080 seconds 
  Import took 0.105912 seconds .

========================================================================
Received Import Request.
  Time since last request: 0.000634 seconds.
  path: Assets/Source/3DModel/Player/star-ship/material/textur_set_3.mat
  artifactKey: Guid(e3fb2d789c6a50b47834cf9afa63460c) Importer(815301076,1909f56bfc062723c751e8b465ee728b)
Start importing Assets/Source/3DModel/Player/star-ship/material/textur_set_3.mat using Guid(e3fb2d789c6a50b47834cf9afa63460c) Importer(815301076,1909f56bfc062723c751e8b465ee728b)  -> (artifact id: '9fcabb4fc517d6cbc62ffc1ddf209f25') in 0.117832 seconds 
  Import took 0.125417 seconds .

========================================================================
Received Import Request.
  Time since last request: 0.000468 seconds.
  path: Assets/Aerial Explosion Tutorial/Explosion 1.mat
  artifactKey: Guid(145914066afeadc48815a73e4b263190) Importer(815301076,1909f56bfc062723c751e8b465ee728b)
Start importing Assets/Aerial Explosion Tutorial/Explosion 1.mat using Guid(145914066afeadc48815a73e4b263190) Importer(815301076,1909f56bfc062723c751e8b465ee728b)  -> (artifact id: 'c3304d679f0ef81fe4eb3f256ae99b59') in 0.055024 seconds 
  Import took 0.060213 seconds .

========================================================================
Received Import Request.
  Time since last request: 0.000198 seconds.
  path: Assets/Aerial Explosion Tutorial/Smoke4.mat
  artifactKey: Guid(ad90f586d4fe1b942b46f0da520a0e61) Importer(815301076,1909f56bfc062723c751e8b465ee728b)
Start importing Assets/Aerial Explosion Tutorial/Smoke4.mat using Guid(ad90f586d4fe1b942b46f0da520a0e61) Importer(815301076,1909f56bfc062723c751e8b465ee728b)  -> (artifact id: 'c35af582b86bc03fd3e2e3d9fc7838c1') in 0.056025 seconds 
  Import took 0.059465 seconds .

========================================================================
Received Import Request.
  Time since last request: 0.000228 seconds.
  path: Assets/Prefabs/Meteor/TargetMaterial/crystal.mat 1.mat
  artifactKey: Guid(d5267543621b57849bf7e75fce60fca1) Importer(815301076,1909f56bfc062723c751e8b465ee728b)
Start importing Assets/Prefabs/Meteor/TargetMaterial/crystal.mat 1.mat using Guid(d5267543621b57849bf7e75fce60fca1) Importer(815301076,1909f56bfc062723c751e8b465ee728b)  -> (artifact id: '906a885ddceab9176005ea5db455a9ca') in 0.055501 seconds 
  Import took 0.059671 seconds .

========================================================================
Received Import Request.
  Time since last request: 0.000403 seconds.
  path: Assets/Aerial Explosion Tutorial/Smoke.mat
  artifactKey: Guid(96558d9af5ccba84da0a06dc9afa072d) Importer(815301076,1909f56bfc062723c751e8b465ee728b)
Start importing Assets/Aerial Explosion Tutorial/Smoke.mat using Guid(96558d9af5ccba84da0a06dc9afa072d) Importer(815301076,1909f56bfc062723c751e8b465ee728b)  -> (artifact id: '0ed9481cb9a3fa1c2855f145e74c606e') in 0.016984 seconds 
  Import took 0.021463 seconds .

========================================================================
Received Import Request.
  Time since last request: 2399.278538 seconds.
  path: Assets/Standard Assets/Particles/Sources/Textures/spark.tif
  artifactKey: Guid(e79b4ee3b7b31ee499b1532270c7730d) Importer(815301076,1909f56bfc062723c751e8b465ee728b)
Start importing Assets/Standard Assets/Particles/Sources/Textures/spark.tif using Guid(e79b4ee3b7b31ee499b1532270c7730d) Importer(815301076,1909f56bfc062723c751e8b465ee728b)  -> (artifact id: '778ac3d17769ad2cb2e1108cce7adc45') in 0.025033 seconds 
  Import took 0.030409 seconds .

========================================================================
Received Import Request.
  Time since last request: 0.024252 seconds.
  path: Assets/Standard Assets/Particles/Sources/Textures/spark.tif
  artifactKey: Guid(e79b4ee3b7b31ee499b1532270c7730d) Importer(815301076,1909f56bfc062723c751e8b465ee728b)
Start importing Assets/Standard Assets/Particles/Sources/Textures/spark.tif using Guid(e79b4ee3b7b31ee499b1532270c7730d) Importer(815301076,1909f56bfc062723c751e8b465ee728b)  -> (artifact id: '778ac3d17769ad2cb2e1108cce7adc45') in 0.004913 seconds 
  Import took 0.007940 seconds .

========================================================================
Received Import Request.
  Time since last request: 2.197084 seconds.
  path: Assets/Standard Assets/Particles/Sources/Textures/smoke4.tif
  artifactKey: Guid(e7d408c28925be148bd9ef32f4f28e44) Importer(815301076,1909f56bfc062723c751e8b465ee728b)
Start importing Assets/Standard Assets/Particles/Sources/Textures/smoke4.tif using Guid(e7d408c28925be148bd9ef32f4f28e44) Importer(815301076,1909f56bfc062723c751e8b465ee728b)  -> (artifact id: '40ef5109cc4dade5f1d70c02522be21b') in 0.013421 seconds 
  Import took 0.016402 seconds .

========================================================================
Received Import Request.
  Time since last request: 1.153880 seconds.
  path: Assets/Standard Assets/Particles/Sources/Textures/smoke3.tif
  artifactKey: Guid(d3b7d84ffb95cc04aaeb74f19a10f034) Importer(815301076,1909f56bfc062723c751e8b465ee728b)
Start importing Assets/Standard Assets/Particles/Sources/Textures/smoke3.tif using Guid(d3b7d84ffb95cc04aaeb74f19a10f034) Importer(815301076,1909f56bfc062723c751e8b465ee728b)  -> (artifact id: '3c07927a4085d171051dc3ff7e8f1572') in 0.012849 seconds 
  Import took 0.018683 seconds .

========================================================================
Received Import Request.
  Time since last request: 0.883771 seconds.
  path: Assets/Standard Assets/Particles/Sources/Textures/smoke.tif
  artifactKey: Guid(08f28e42a647e2a4cbd32e793359aa3c) Importer(815301076,1909f56bfc062723c751e8b465ee728b)
Start importing Assets/Standard Assets/Particles/Sources/Textures/smoke.tif using Guid(08f28e42a647e2a4cbd32e793359aa3c) Importer(815301076,1909f56bfc062723c751e8b465ee728b)  -> (artifact id: '8c0d411cb5258feaf0b648f3d2d17493') in 0.020720 seconds 
  Import took 0.026947 seconds .

========================================================================
Received Import Request.
  Time since last request: 0.003478 seconds.
  path: Assets/Standard Assets/Particles/Sources/Textures/smoke.tif
  artifactKey: Guid(08f28e42a647e2a4cbd32e793359aa3c) Importer(815301076,1909f56bfc062723c751e8b465ee728b)
Start importing Assets/Standard Assets/Particles/Sources/Textures/smoke.tif using Guid(08f28e42a647e2a4cbd32e793359aa3c) Importer(815301076,1909f56bfc062723c751e8b465ee728b)  -> (artifact id: '8c0d411cb5258feaf0b648f3d2d17493') in 0.014512 seconds 
  Import took 0.017505 seconds .

========================================================================
Received Prepare
Registering precompiled user dll's ...
Registered in 0.007969 seconds.
Begin MonoManager ReloadAssembly
Native extension for WindowsStandalone target not found
Native extension for WebGL target not found
Refreshing native plugins compatible for Editor in 0.49 ms, found 2 plugins.
Preloading 0 native plugins for Editor in 0.00 ms.
Mono: successfully reloaded assembly
- Completed reload, in  0.998 seconds
Platform modules already initialized, skipping
Refreshing native plugins compatible for Editor in 0.42 ms, found 2 plugins.
Preloading 0 native plugins for Editor in 0.00 ms.
Unloading 1452 Unused Serialized files (Serialized files now loaded: 0)
System memory in use before: 74.5 MB.
System memory in use after: 74.5 MB.

Unloading 15 unused Assets to reduce memory usage. Loaded Objects now: 1961.
Total: 1.723800 ms (FindLiveObjects: 0.158600 ms CreateObjectMapping: 0.046500 ms MarkObjects: 1.471400 ms  DeleteObjects: 0.046300 ms)

AssetImportParameters requested are different than current active one (requested -> active):
  custom:framework-win-MediaFoundation: 216162199b28c13a410421893ffa2e32 -> 
  custom:video-decoder-ogg-theora: a1e56fd34408186e4bbccfd4996cb3dc -> 
  custom:container-muxer-webm: aa71ff27fc2769a1b78a27578f13a17b -> 
  custom:container-demuxer-webm: 4f35f7cbe854078d1ac9338744f61a02 -> 
  custom:container-demuxer-ogg: 62fdf1f143b41e24485cea50d1cbac27 -> 
  custom:video-encoder-webm-vp8: eb34c28f22e8b96e1ab97ce403110664 -> 
  custom:video-decoder-webm-vp8: 9c59270c3fd7afecdb556c50c9e8de78 -> 
  custom:audio-decoder-ogg-vorbis: bf7c407c2cedff20999df2af8eb42d56 -> 
  custom:audio-encoder-webm-vorbis: bf7c407c2cedff20999df2af8eb42d56 -> 
========================================================================
Received Prepare
Registering precompiled user dll's ...
Registered in 0.002448 seconds.
Begin MonoManager ReloadAssembly
Native extension for WindowsStandalone target not found
Native extension for WebGL target not found
Refreshing native plugins compatible for Editor in 1.30 ms, found 2 plugins.
Preloading 0 native plugins for Editor in 0.00 ms.
Mono: successfully reloaded assembly
- Completed reload, in  1.308 seconds
Platform modules already initialized, skipping
Refreshing native plugins compatible for Editor in 0.78 ms, found 2 plugins.
Preloading 0 native plugins for Editor in 0.00 ms.
Unloading 1452 Unused Serialized files (Serialized files now loaded: 0)
System memory in use before: 74.5 MB.
System memory in use after: 74.6 MB.

Unloading 15 unused Assets to reduce memory usage. Loaded Objects now: 1964.
Total: 3.784300 ms (FindLiveObjects: 0.961000 ms CreateObjectMapping: 0.389300 ms MarkObjects: 2.326200 ms  DeleteObjects: 0.104100 ms)

AssetImportParameters requested are different than current active one (requested -> active):
  custom:framework-win-MediaFoundation: 216162199b28c13a410421893ffa2e32 -> 
  custom:video-decoder-ogg-theora: a1e56fd34408186e4bbccfd4996cb3dc -> 
  custom:container-muxer-webm: aa71ff27fc2769a1b78a27578f13a17b -> 
  custom:container-demuxer-webm: 4f35f7cbe854078d1ac9338744f61a02 -> 
  custom:container-demuxer-ogg: 62fdf1f143b41e24485cea50d1cbac27 -> 
  custom:video-encoder-webm-vp8: eb34c28f22e8b96e1ab97ce403110664 -> 
  custom:video-decoder-webm-vp8: 9c59270c3fd7afecdb556c50c9e8de78 -> 
  custom:audio-decoder-ogg-vorbis: bf7c407c2cedff20999df2af8eb42d56 -> 
  custom:audio-encoder-webm-vorbis: bf7c407c2cedff20999df2af8eb42d56 -> 
========================================================================
Received Import Request.
  Time since last request: 2257.648523 seconds.
  path: Assets/Prefabs/Particle System.prefab
  artifactKey: Guid(e7066defee2a08a42907d20130c43390) Importer(815301076,1909f56bfc062723c751e8b465ee728b)
Start importing Assets/Prefabs/Particle System.prefab using Guid(e7066defee2a08a42907d20130c43390) Importer(815301076,1909f56bfc062723c751e8b465ee728b)  -> (artifact id: '4cf15be5d6f00e7e0cd19488f707e81b') in 0.056727 seconds 
  Import took 0.061328 seconds .

========================================================================
Received Import Request.
  Time since last request: 216.971651 seconds.
  path: Assets/Scripts/MeteorController.cs
  artifactKey: Guid(a640e4eb025af8f4c8389e9424cb7bf7) Importer(815301076,1909f56bfc062723c751e8b465ee728b)
Start importing Assets/Scripts/MeteorController.cs using Guid(a640e4eb025af8f4c8389e9424cb7bf7) Importer(815301076,1909f56bfc062723c751e8b465ee728b)  -> (artifact id: 'aa9f7cd312bd5bd3061e3b0505c92949') in 0.015821 seconds 
  Import took 0.022272 seconds .

========================================================================
Received Import Request.
  Time since last request: 0.004081 seconds.
  path: Assets/Scripts/MeteorController.cs
  artifactKey: Guid(a640e4eb025af8f4c8389e9424cb7bf7) Importer(815301076,1909f56bfc062723c751e8b465ee728b)
Start importing Assets/Scripts/MeteorController.cs using Guid(a640e4eb025af8f4c8389e9424cb7bf7) Importer(815301076,1909f56bfc062723c751e8b465ee728b)  -> (artifact id: 'aa9f7cd312bd5bd3061e3b0505c92949') in 0.002002 seconds 
  Import took 0.004844 seconds .

========================================================================
Received Import Request.
  Time since last request: 136.280906 seconds.
  path: Assets/Scripts/MeteorController.cs
  artifactKey: Guid(a640e4eb025af8f4c8389e9424cb7bf7) Importer(815301076,1909f56bfc062723c751e8b465ee728b)
Start importing Assets/Scripts/MeteorController.cs using Guid(a640e4eb025af8f4c8389e9424cb7bf7) Importer(815301076,1909f56bfc062723c751e8b465ee728b)  -> (artifact id: '869aa3d80215269146d895bc89cfddd3') in 0.002462 seconds 
  Import took 0.007179 seconds .

========================================================================
Received Prepare
Registering precompiled user dll's ...
Registered in 0.004043 seconds.
Begin MonoManager ReloadAssembly
Native extension for WindowsStandalone target not found
Native extension for WebGL target not found
Refreshing native plugins compatible for Editor in 0.37 ms, found 2 plugins.
Preloading 0 native plugins for Editor in 0.00 ms.
Mono: successfully reloaded assembly
- Completed reload, in  0.926 seconds
Platform modules already initialized, skipping
Refreshing native plugins compatible for Editor in 0.79 ms, found 2 plugins.
Preloading 0 native plugins for Editor in 0.00 ms.
Unloading 1452 Unused Serialized files (Serialized files now loaded: 0)
System memory in use before: 74.5 MB.
System memory in use after: 74.6 MB.

Unloading 15 unused Assets to reduce memory usage. Loaded Objects now: 1967.
Total: 3.910400 ms (FindLiveObjects: 0.411100 ms CreateObjectMapping: 0.151700 ms MarkObjects: 3.238400 ms  DeleteObjects: 0.106700 ms)

AssetImportParameters requested are different than current active one (requested -> active):
  custom:framework-win-MediaFoundation: 216162199b28c13a410421893ffa2e32 -> 
  custom:video-decoder-ogg-theora: a1e56fd34408186e4bbccfd4996cb3dc -> 
  custom:container-muxer-webm: aa71ff27fc2769a1b78a27578f13a17b -> 
  custom:container-demuxer-webm: 4f35f7cbe854078d1ac9338744f61a02 -> 
  custom:container-demuxer-ogg: 62fdf1f143b41e24485cea50d1cbac27 -> 
  custom:video-encoder-webm-vp8: eb34c28f22e8b96e1ab97ce403110664 -> 
  custom:video-decoder-webm-vp8: 9c59270c3fd7afecdb556c50c9e8de78 -> 
  custom:audio-decoder-ogg-vorbis: bf7c407c2cedff20999df2af8eb42d56 -> 
  custom:audio-encoder-webm-vorbis: bf7c407c2cedff20999df2af8eb42d56 -> 
========================================================================
Received Import Request.
  Time since last request: 29.810815 seconds.
  path: Assets/Scripts/MeteorController.cs
  artifactKey: Guid(a640e4eb025af8f4c8389e9424cb7bf7) Importer(815301076,1909f56bfc062723c751e8b465ee728b)
Start importing Assets/Scripts/MeteorController.cs using Guid(a640e4eb025af8f4c8389e9424cb7bf7) Importer(815301076,1909f56bfc062723c751e8b465ee728b)  -> (artifact id: 'eb7a8def5c16bd8e9605469274b4b9ca') in 0.006496 seconds 
  Import took 0.012612 seconds .

========================================================================
Received Prepare
Registering precompiled user dll's ...
Registered in 0.002362 seconds.
Begin MonoManager ReloadAssembly
Native extension for WindowsStandalone target not found
Native extension for WebGL target not found
Refreshing native plugins compatible for Editor in 0.38 ms, found 2 plugins.
Preloading 0 native plugins for Editor in 0.00 ms.
Mono: successfully reloaded assembly
- Completed reload, in  1.040 seconds
Platform modules already initialized, skipping
Refreshing native plugins compatible for Editor in 0.38 ms, found 2 plugins.
Preloading 0 native plugins for Editor in 0.00 ms.
Unloading 1452 Unused Serialized files (Serialized files now loaded: 0)
System memory in use before: 74.5 MB.
System memory in use after: 74.6 MB.

Unloading 15 unused Assets to reduce memory usage. Loaded Objects now: 1970.
Total: 1.680700 ms (FindLiveObjects: 0.152100 ms CreateObjectMapping: 0.047200 ms MarkObjects: 1.416300 ms  DeleteObjects: 0.064100 ms)

AssetImportParameters requested are different than current active one (requested -> active):
  custom:framework-win-MediaFoundation: 216162199b28c13a410421893ffa2e32 -> 
  custom:video-decoder-ogg-theora: a1e56fd34408186e4bbccfd4996cb3dc -> 
  custom:container-muxer-webm: aa71ff27fc2769a1b78a27578f13a17b -> 
  custom:container-demuxer-webm: 4f35f7cbe854078d1ac9338744f61a02 -> 
  custom:container-demuxer-ogg: 62fdf1f143b41e24485cea50d1cbac27 -> 
  custom:video-encoder-webm-vp8: eb34c28f22e8b96e1ab97ce403110664 -> 
  custom:video-decoder-webm-vp8: 9c59270c3fd7afecdb556c50c9e8de78 -> 
  custom:audio-decoder-ogg-vorbis: bf7c407c2cedff20999df2af8eb42d56 -> 
  custom:audio-encoder-webm-vorbis: bf7c407c2cedff20999df2af8eb42d56 -> 
========================================================================
Received Import Request.
  Time since last request: 12.749112 seconds.
  path: Assets/Scripts/MeteorController.cs
  artifactKey: Guid(a640e4eb025af8f4c8389e9424cb7bf7) Importer(815301076,1909f56bfc062723c751e8b465ee728b)
Start importing Assets/Scripts/MeteorController.cs using Guid(a640e4eb025af8f4c8389e9424cb7bf7) Importer(815301076,1909f56bfc062723c751e8b465ee728b)  -> (artifact id: '84aafcdad178ebfa910f18cc168645b5') in 0.005896 seconds 
  Import took 0.010507 seconds .

========================================================================
Received Import Request.
  Time since last request: 5.855839 seconds.
  path: Assets/Scripts/MeteorController.cs
  artifactKey: Guid(a640e4eb025af8f4c8389e9424cb7bf7) Importer(815301076,1909f56bfc062723c751e8b465ee728b)
Start importing Assets/Scripts/MeteorController.cs using Guid(a640e4eb025af8f4c8389e9424cb7bf7) Importer(815301076,1909f56bfc062723c751e8b465ee728b)  -> (artifact id: '49cbb311b197e72d9fb8ecbbe2e49b69') in 0.002207 seconds 
  Import took 0.007176 seconds .

========================================================================
Received Import Request.
  Time since last request: 27.411125 seconds.
  path: Assets/Scripts/MeteorController.cs
  artifactKey: Guid(a640e4eb025af8f4c8389e9424cb7bf7) Importer(815301076,1909f56bfc062723c751e8b465ee728b)
Start importing Assets/Scripts/MeteorController.cs using Guid(a640e4eb025af8f4c8389e9424cb7bf7) Importer(815301076,1909f56bfc062723c751e8b465ee728b)  -> (artifact id: '077e04397206610da3093b21916afa11') in 0.002516 seconds 
  Import took 0.008021 seconds .

========================================================================
Received Prepare
Registering precompiled user dll's ...
Registered in 0.002774 seconds.
Begin MonoManager ReloadAssembly
Native extension for WindowsStandalone target not found
Native extension for WebGL target not found
Refreshing native plugins compatible for Editor in 0.39 ms, found 2 plugins.
Preloading 0 native plugins for Editor in 0.00 ms.
Mono: successfully reloaded assembly
- Completed reload, in  1.163 seconds
Platform modules already initialized, skipping
Refreshing native plugins compatible for Editor in 0.37 ms, found 2 plugins.
Preloading 0 native plugins for Editor in 0.00 ms.
Unloading 1452 Unused Serialized files (Serialized files now loaded: 0)
System memory in use before: 74.5 MB.
System memory in use after: 74.6 MB.

Unloading 15 unused Assets to reduce memory usage. Loaded Objects now: 1973.
Total: 1.592800 ms (FindLiveObjects: 0.150800 ms CreateObjectMapping: 0.048000 ms MarkObjects: 1.343400 ms  DeleteObjects: 0.049600 ms)

AssetImportParameters requested are different than current active one (requested -> active):
  custom:framework-win-MediaFoundation: 216162199b28c13a410421893ffa2e32 -> 
  custom:video-decoder-ogg-theora: a1e56fd34408186e4bbccfd4996cb3dc -> 
  custom:container-muxer-webm: aa71ff27fc2769a1b78a27578f13a17b -> 
  custom:container-demuxer-webm: 4f35f7cbe854078d1ac9338744f61a02 -> 
  custom:container-demuxer-ogg: 62fdf1f143b41e24485cea50d1cbac27 -> 
  custom:video-encoder-webm-vp8: eb34c28f22e8b96e1ab97ce403110664 -> 
  custom:video-decoder-webm-vp8: 9c59270c3fd7afecdb556c50c9e8de78 -> 
  custom:audio-decoder-ogg-vorbis: bf7c407c2cedff20999df2af8eb42d56 -> 
  custom:audio-encoder-webm-vorbis: bf7c407c2cedff20999df2af8eb42d56 -> 
========================================================================
Received Import Request.
  Time since last request: 23.484523 seconds.
  path: Assets/Scripts/MeteorController.cs
  artifactKey: Guid(a640e4eb025af8f4c8389e9424cb7bf7) Importer(815301076,1909f56bfc062723c751e8b465ee728b)
Start importing Assets/Scripts/MeteorController.cs using Guid(a640e4eb025af8f4c8389e9424cb7bf7) Importer(815301076,1909f56bfc062723c751e8b465ee728b)  -> (artifact id: 'ff2df3d81dc55a313643d861c27c8a93') in 0.006612 seconds 
  Import took 0.011660 seconds .

========================================================================
Received Prepare
Registering precompiled user dll's ...
Registered in 0.002834 seconds.
Begin MonoManager ReloadAssembly
Native extension for WindowsStandalone target not found
Native extension for WebGL target not found
Refreshing native plugins compatible for Editor in 0.37 ms, found 2 plugins.
Preloading 0 native plugins for Editor in 0.00 ms.
Mono: successfully reloaded assembly
- Completed reload, in  0.928 seconds
Platform modules already initialized, skipping
Refreshing native plugins compatible for Editor in 0.41 ms, found 2 plugins.
Preloading 0 native plugins for Editor in 0.00 ms.
Unloading 1452 Unused Serialized files (Serialized files now loaded: 0)
System memory in use before: 74.5 MB.
System memory in use after: 74.6 MB.

Unloading 15 unused Assets to reduce memory usage. Loaded Objects now: 1976.
Total: 1.667000 ms (FindLiveObjects: 0.158200 ms CreateObjectMapping: 0.047600 ms MarkObjects: 1.410400 ms  DeleteObjects: 0.049900 ms)

AssetImportParameters requested are different than current active one (requested -> active):
  custom:framework-win-MediaFoundation: 216162199b28c13a410421893ffa2e32 -> 
  custom:video-decoder-ogg-theora: a1e56fd34408186e4bbccfd4996cb3dc -> 
  custom:container-muxer-webm: aa71ff27fc2769a1b78a27578f13a17b -> 
  custom:container-demuxer-webm: 4f35f7cbe854078d1ac9338744f61a02 -> 
  custom:container-demuxer-ogg: 62fdf1f143b41e24485cea50d1cbac27 -> 
  custom:video-encoder-webm-vp8: eb34c28f22e8b96e1ab97ce403110664 -> 
  custom:video-decoder-webm-vp8: 9c59270c3fd7afecdb556c50c9e8de78 -> 
  custom:audio-decoder-ogg-vorbis: bf7c407c2cedff20999df2af8eb42d56 -> 
  custom:audio-encoder-webm-vorbis: bf7c407c2cedff20999df2af8eb42d56 -> 
========================================================================
Received Import Request.
  Time since last request: 6.350716 seconds.
  path: Assets/Scripts/MeteorController.cs
  artifactKey: Guid(a640e4eb025af8f4c8389e9424cb7bf7) Importer(815301076,1909f56bfc062723c751e8b465ee728b)
Start importing Assets/Scripts/MeteorController.cs using Guid(a640e4eb025af8f4c8389e9424cb7bf7) Importer(815301076,1909f56bfc062723c751e8b465ee728b)  -> (artifact id: '1dc98f9234b761147187e9518b9609fc') in 0.007122 seconds 
  Import took 0.012618 seconds .

========================================================================
Received Import Request.
  Time since last request: 6.395912 seconds.
  path: Assets/Scripts/MeteorController.cs
  artifactKey: Guid(a640e4eb025af8f4c8389e9424cb7bf7) Importer(815301076,1909f56bfc062723c751e8b465ee728b)
Start importing Assets/Scripts/MeteorController.cs using Guid(a640e4eb025af8f4c8389e9424cb7bf7) Importer(815301076,1909f56bfc062723c751e8b465ee728b)  -> (artifact id: '9700e97cf70afc8985cb35c6f9009841') in 0.003307 seconds 
  Import took 0.007830 seconds .

========================================================================
Received Import Request.
  Time since last request: 1.695527 seconds.
  path: Assets/Scripts/MeteorController.cs
  artifactKey: Guid(a640e4eb025af8f4c8389e9424cb7bf7) Importer(815301076,1909f56bfc062723c751e8b465ee728b)
Start importing Assets/Scripts/MeteorController.cs using Guid(a640e4eb025af8f4c8389e9424cb7bf7) Importer(815301076,1909f56bfc062723c751e8b465ee728b)  -> (artifact id: 'e40dba4d1113c78acde66515ed89024f') in 0.002430 seconds 
  Import took 0.007300 seconds .

========================================================================
Received Import Request.
  Time since last request: 4.355118 seconds.
  path: Assets/Scripts/MeteorController.cs
  artifactKey: Guid(a640e4eb025af8f4c8389e9424cb7bf7) Importer(815301076,1909f56bfc062723c751e8b465ee728b)
Start importing Assets/Scripts/MeteorController.cs using Guid(a640e4eb025af8f4c8389e9424cb7bf7) Importer(815301076,1909f56bfc062723c751e8b465ee728b)  -> (artifact id: 'ddc44b1fbfad4c1e35254b7dbf655463') in 0.002581 seconds 
  Import took 0.006618 seconds .

========================================================================
Received Import Request.
  Time since last request: 2.527853 seconds.
  path: Assets/Scripts/MeteorController.cs
  artifactKey: Guid(a640e4eb025af8f4c8389e9424cb7bf7) Importer(815301076,1909f56bfc062723c751e8b465ee728b)
Start importing Assets/Scripts/MeteorController.cs using Guid(a640e4eb025af8f4c8389e9424cb7bf7) Importer(815301076,1909f56bfc062723c751e8b465ee728b)  -> (artifact id: '7133a67aac590f9bd19c0763568b6b2b') in 0.002309 seconds 
  Import took 0.005482 seconds .

========================================================================
Received Import Request.
  Time since last request: 7.802760 seconds.
  path: Assets/Scripts/MeteorController.cs
  artifactKey: Guid(a640e4eb025af8f4c8389e9424cb7bf7) Importer(815301076,1909f56bfc062723c751e8b465ee728b)
Start importing Assets/Scripts/MeteorController.cs using Guid(a640e4eb025af8f4c8389e9424cb7bf7) Importer(815301076,1909f56bfc062723c751e8b465ee728b)  -> (artifact id: '7574e1d9d0cab3449b3fb145609025df') in 0.001845 seconds 
  Import took 0.004679 seconds .

========================================================================
Received Import Request.
  Time since last request: 1.888947 seconds.
  path: Assets/Scripts/MeteorController.cs
  artifactKey: Guid(a640e4eb025af8f4c8389e9424cb7bf7) Importer(815301076,1909f56bfc062723c751e8b465ee728b)
Start importing Assets/Scripts/MeteorController.cs using Guid(a640e4eb025af8f4c8389e9424cb7bf7) Importer(815301076,1909f56bfc062723c751e8b465ee728b)  -> (artifact id: 'baa00bb80f33bab26a3491eac9ba17cc') in 0.002827 seconds 
  Import took 0.008486 seconds .

========================================================================
Received Prepare
Registering precompiled user dll's ...
Registered in 0.002971 seconds.
Begin MonoManager ReloadAssembly
Native extension for WindowsStandalone target not found
Native extension for WebGL target not found
Refreshing native plugins compatible for Editor in 0.44 ms, found 2 plugins.
Preloading 0 native plugins for Editor in 0.00 ms.
Mono: successfully reloaded assembly
- Completed reload, in  1.059 seconds
Platform modules already initialized, skipping
Refreshing native plugins compatible for Editor in 1.65 ms, found 2 plugins.
Preloading 0 native plugins for Editor in 0.00 ms.
Unloading 1452 Unused Serialized files (Serialized files now loaded: 0)
System memory in use before: 74.5 MB.
System memory in use after: 74.6 MB.

Unloading 15 unused Assets to reduce memory usage. Loaded Objects now: 1979.
Total: 2.220900 ms (FindLiveObjects: 0.205400 ms CreateObjectMapping: 0.145200 ms MarkObjects: 1.762600 ms  DeleteObjects: 0.106600 ms)

AssetImportParameters requested are different than current active one (requested -> active):
  custom:framework-win-MediaFoundation: 216162199b28c13a410421893ffa2e32 -> 
  custom:video-decoder-ogg-theora: a1e56fd34408186e4bbccfd4996cb3dc -> 
  custom:container-muxer-webm: aa71ff27fc2769a1b78a27578f13a17b -> 
  custom:container-demuxer-webm: 4f35f7cbe854078d1ac9338744f61a02 -> 
  custom:container-demuxer-ogg: 62fdf1f143b41e24485cea50d1cbac27 -> 
  custom:video-encoder-webm-vp8: eb34c28f22e8b96e1ab97ce403110664 -> 
  custom:video-decoder-webm-vp8: 9c59270c3fd7afecdb556c50c9e8de78 -> 
  custom:audio-decoder-ogg-vorbis: bf7c407c2cedff20999df2af8eb42d56 -> 
  custom:audio-encoder-webm-vorbis: bf7c407c2cedff20999df2af8eb42d56 -> 
========================================================================
Received Import Request.
  Time since last request: 12.504717 seconds.
  path: Assets/Scripts/MeteorController.cs
  artifactKey: Guid(a640e4eb025af8f4c8389e9424cb7bf7) Importer(815301076,1909f56bfc062723c751e8b465ee728b)
Start importing Assets/Scripts/MeteorController.cs using Guid(a640e4eb025af8f4c8389e9424cb7bf7) Importer(815301076,1909f56bfc062723c751e8b465ee728b)  -> (artifact id: '2c880c573c18be4d0e7939de7de834c2') in 0.006986 seconds 
  Import took 0.012934 seconds .

========================================================================
Received Prepare
Registering precompiled user dll's ...
Registered in 0.002059 seconds.
Begin MonoManager ReloadAssembly
Native extension for WindowsStandalone target not found
Native extension for WebGL target not found
Refreshing native plugins compatible for Editor in 0.37 ms, found 2 plugins.
Preloading 0 native plugins for Editor in 0.00 ms.
Mono: successfully reloaded assembly
- Completed reload, in  0.815 seconds
Platform modules already initialized, skipping
Refreshing native plugins compatible for Editor in 0.38 ms, found 2 plugins.
Preloading 0 native plugins for Editor in 0.00 ms.
Unloading 1452 Unused Serialized files (Serialized files now loaded: 0)
System memory in use before: 74.6 MB.
System memory in use after: 74.6 MB.

Unloading 15 unused Assets to reduce memory usage. Loaded Objects now: 1982.
Total: 1.607200 ms (FindLiveObjects: 0.148900 ms CreateObjectMapping: 0.048000 ms MarkObjects: 1.365800 ms  DeleteObjects: 0.043700 ms)

AssetImportParameters requested are different than current active one (requested -> active):
  custom:framework-win-MediaFoundation: 216162199b28c13a410421893ffa2e32 -> 
  custom:video-decoder-ogg-theora: a1e56fd34408186e4bbccfd4996cb3dc -> 
  custom:container-muxer-webm: aa71ff27fc2769a1b78a27578f13a17b -> 
  custom:container-demuxer-webm: 4f35f7cbe854078d1ac9338744f61a02 -> 
  custom:container-demuxer-ogg: 62fdf1f143b41e24485cea50d1cbac27 -> 
  custom:video-encoder-webm-vp8: eb34c28f22e8b96e1ab97ce403110664 -> 
  custom:video-decoder-webm-vp8: 9c59270c3fd7afecdb556c50c9e8de78 -> 
  custom:audio-decoder-ogg-vorbis: bf7c407c2cedff20999df2af8eb42d56 -> 
  custom:audio-encoder-webm-vorbis: bf7c407c2cedff20999df2af8eb42d56 -> 
========================================================================
Received Import Request.
  Time since last request: 63.589098 seconds.
  path: Assets/Prefabs/Meteor/Crystal.prefab
  artifactKey: Guid(68defffca7ae7a54e9128e161c221232) Importer(815301076,1909f56bfc062723c751e8b465ee728b)
Start importing Assets/Prefabs/Meteor/Crystal.prefab using Guid(68defffca7ae7a54e9128e161c221232) Importer(815301076,1909f56bfc062723c751e8b465ee728b)  -> (artifact id: '3221fe8a6fd43af2b70df0e4486b0f8b') in 0.168776 seconds 
  Import took 0.172202 seconds .

========================================================================
Received Import Request.
  Time since last request: 5.300619 seconds.
  path: Assets/Prefabs/Meteor/Crystal.prefab
  artifactKey: Guid(68defffca7ae7a54e9128e161c221232) Importer(815301076,1909f56bfc062723c751e8b465ee728b)
Start importing Assets/Prefabs/Meteor/Crystal.prefab using Guid(68defffca7ae7a54e9128e161c221232) Importer(815301076,1909f56bfc062723c751e8b465ee728b)  -> (artifact id: '8d3a1c8508083737481a976963d71d1a') in 0.035130 seconds 
  Import took 0.041456 seconds .

========================================================================
Received Import Request.
  Time since last request: 1.068311 seconds.
  path: Assets/Prefabs/Meteor/Gold.prefab
  artifactKey: Guid(26e48e4478f4cd840924310f7965ae36) Importer(815301076,1909f56bfc062723c751e8b465ee728b)
Start importing Assets/Prefabs/Meteor/Gold.prefab using Guid(26e48e4478f4cd840924310f7965ae36) Importer(815301076,1909f56bfc062723c751e8b465ee728b)  -> (artifact id: '349af1231ac44b6d395d3ab9167d074d') in 0.068736 seconds 
  Import took 0.072744 seconds .

========================================================================
Received Import Request.
  Time since last request: 0.000536 seconds.
  path: Assets/Prefabs/Meteor/Gold.prefab
  artifactKey: Guid(26e48e4478f4cd840924310f7965ae36) Importer(815301076,1909f56bfc062723c751e8b465ee728b)
Start importing Assets/Prefabs/Meteor/Gold.prefab using Guid(26e48e4478f4cd840924310f7965ae36) Importer(815301076,1909f56bfc062723c751e8b465ee728b)  -> (artifact id: '349af1231ac44b6d395d3ab9167d074d') in 0.020951 seconds 
  Import took 0.023660 seconds .

========================================================================
Received Import Request.
  Time since last request: 15.426723 seconds.
  path: Assets/Prefabs/Meteor/Gold.prefab
  artifactKey: Guid(26e48e4478f4cd840924310f7965ae36) Importer(815301076,1909f56bfc062723c751e8b465ee728b)
Start importing Assets/Prefabs/Meteor/Gold.prefab using Guid(26e48e4478f4cd840924310f7965ae36) Importer(815301076,1909f56bfc062723c751e8b465ee728b)  -> (artifact id: 'ed2c185843f53071ca8de07f5b27ceef') in 0.021152 seconds 
  Import took 0.024481 seconds .

========================================================================
Received Import Request.
  Time since last request: 0.977165 seconds.
  path: Assets/Prefabs/Meteor/Meteorite.prefab
  artifactKey: Guid(d8ed7613b27ce6f45a21d65c2a2fb1f9) Importer(815301076,1909f56bfc062723c751e8b465ee728b)
Start importing Assets/Prefabs/Meteor/Meteorite.prefab using Guid(d8ed7613b27ce6f45a21d65c2a2fb1f9) Importer(815301076,1909f56bfc062723c751e8b465ee728b)  -> (artifact id: '0cad3ec2fbe3678b6a210c44c74b7fdd') in 0.015844 seconds 
  Import took 0.018638 seconds .

========================================================================
Received Import Request.
  Time since last request: 3.797571 seconds.
  path: Assets/Prefabs/Meteor/Meteorite.prefab
  artifactKey: Guid(d8ed7613b27ce6f45a21d65c2a2fb1f9) Importer(815301076,1909f56bfc062723c751e8b465ee728b)
Start importing Assets/Prefabs/Meteor/Meteorite.prefab using Guid(d8ed7613b27ce6f45a21d65c2a2fb1f9) Importer(815301076,1909f56bfc062723c751e8b465ee728b)  -> (artifact id: '4f3b1b25f160e705b49e02bd5df54b64') in 0.012739 seconds 
  Import took 0.016271 seconds .

========================================================================
Received Import Request.
  Time since last request: 0.836763 seconds.
  path: Assets/Prefabs/Meteor/Moon Rock Low.prefab
  artifactKey: Guid(1abf6908e9bdea54ab49a90e616fe0ca) Importer(815301076,1909f56bfc062723c751e8b465ee728b)
Start importing Assets/Prefabs/Meteor/Moon Rock Low.prefab using Guid(1abf6908e9bdea54ab49a90e616fe0ca) Importer(815301076,1909f56bfc062723c751e8b465ee728b)  -> (artifact id: '030883c232291e90bdbaf955c309d22c') in 0.056198 seconds 
  Import took 0.060116 seconds .

========================================================================
Received Import Request.
  Time since last request: 0.002298 seconds.
  path: Assets/Prefabs/Meteor/Moon Rock Low.prefab
  artifactKey: Guid(1abf6908e9bdea54ab49a90e616fe0ca) Importer(815301076,1909f56bfc062723c751e8b465ee728b)
Start importing Assets/Prefabs/Meteor/Moon Rock Low.prefab using Guid(1abf6908e9bdea54ab49a90e616fe0ca) Importer(815301076,1909f56bfc062723c751e8b465ee728b)  -> (artifact id: '030883c232291e90bdbaf955c309d22c') in 0.023258 seconds 
  Import took 0.026591 seconds .

========================================================================
Received Import Request.
  Time since last request: 20.916113 seconds.
  path: Assets/Prefabs/Meteor/Moon Rock Low.prefab
  artifactKey: Guid(1abf6908e9bdea54ab49a90e616fe0ca) Importer(815301076,1909f56bfc062723c751e8b465ee728b)
Start importing Assets/Prefabs/Meteor/Moon Rock Low.prefab using Guid(1abf6908e9bdea54ab49a90e616fe0ca) Importer(815301076,1909f56bfc062723c751e8b465ee728b)  -> (artifact id: '23b4db5dcc780e93adad2ae79443d919') in 0.017203 seconds 
  Import took 0.020327 seconds .

========================================================================
Received Prepare
Registering precompiled user dll's ...
Registered in 0.002443 seconds.
Begin MonoManager ReloadAssembly
Native extension for WindowsStandalone target not found
Native extension for WebGL target not found
Refreshing native plugins compatible for Editor in 0.60 ms, found 2 plugins.
Preloading 0 native plugins for Editor in 0.00 ms.
Mono: successfully reloaded assembly
- Completed reload, in  0.882 seconds
Platform modules already initialized, skipping
Refreshing native plugins compatible for Editor in 0.37 ms, found 2 plugins.
Preloading 0 native plugins for Editor in 0.00 ms.
Unloading 1452 Unused Serialized files (Serialized files now loaded: 0)
System memory in use before: 74.6 MB.
System memory in use after: 74.7 MB.

Unloading 15 unused Assets to reduce memory usage. Loaded Objects now: 1986.
Total: 1.777500 ms (FindLiveObjects: 0.161300 ms CreateObjectMapping: 0.045500 ms MarkObjects: 1.523000 ms  DeleteObjects: 0.046900 ms)

AssetImportParameters requested are different than current active one (requested -> active):
  custom:framework-win-MediaFoundation: 216162199b28c13a410421893ffa2e32 -> 
  custom:video-decoder-ogg-theora: a1e56fd34408186e4bbccfd4996cb3dc -> 
  custom:container-muxer-webm: aa71ff27fc2769a1b78a27578f13a17b -> 
  custom:container-demuxer-webm: 4f35f7cbe854078d1ac9338744f61a02 -> 
  custom:container-demuxer-ogg: 62fdf1f143b41e24485cea50d1cbac27 -> 
  custom:video-encoder-webm-vp8: eb34c28f22e8b96e1ab97ce403110664 -> 
  custom:video-decoder-webm-vp8: 9c59270c3fd7afecdb556c50c9e8de78 -> 
  custom:audio-decoder-ogg-vorbis: bf7c407c2cedff20999df2af8eb42d56 -> 
  custom:audio-encoder-webm-vorbis: bf7c407c2cedff20999df2af8eb42d56 -> 
========================================================================
Received Import Request.
  Time since last request: 61.371928 seconds.
  path: Assets/Prefabs/Particle System.prefab
  artifactKey: Guid(e7066defee2a08a42907d20130c43390) Importer(815301076,1909f56bfc062723c751e8b465ee728b)
Start importing Assets/Prefabs/Particle System.prefab using Guid(e7066defee2a08a42907d20130c43390) Importer(815301076,1909f56bfc062723c751e8b465ee728b)  -> (artifact id: '79a413f99c23dfec02133cd57fcb3f62') in 0.039109 seconds 
  Import took 0.045291 seconds .

========================================================================
Received Import Request.
  Time since last request: 10.877919 seconds.
  path: Assets/Prefabs/Particle System.prefab
  artifactKey: Guid(e7066defee2a08a42907d20130c43390) Importer(815301076,1909f56bfc062723c751e8b465ee728b)
Start importing Assets/Prefabs/Particle System.prefab using Guid(e7066defee2a08a42907d20130c43390) Importer(815301076,1909f56bfc062723c751e8b465ee728b)  -> (artifact id: '4d23f17e0e81fd90aaca3c492c7a9866') in 0.004296 seconds 
  Import took 0.008254 seconds .

========================================================================
Received Import Request.
  Time since last request: 5.663051 seconds.
  path: Assets/Prefabs/Particle System.prefab
  artifactKey: Guid(e7066defee2a08a42907d20130c43390) Importer(815301076,1909f56bfc062723c751e8b465ee728b)
Start importing Assets/Prefabs/Particle System.prefab using Guid(e7066defee2a08a42907d20130c43390) Importer(815301076,1909f56bfc062723c751e8b465ee728b)  -> (artifact id: '1e29aa5f3c38eeb2953658c2cb213567') in 0.003968 seconds 
  Import took 0.007217 seconds .

========================================================================
Received Prepare
Registering precompiled user dll's ...
Registered in 0.002410 seconds.
Begin MonoManager ReloadAssembly
Native extension for WindowsStandalone target not found
Native extension for WebGL target not found
Refreshing native plugins compatible for Editor in 0.43 ms, found 2 plugins.
Preloading 0 native plugins for Editor in 0.00 ms.
Mono: successfully reloaded assembly
- Completed reload, in  1.017 seconds
Platform modules already initialized, skipping
Refreshing native plugins compatible for Editor in 0.49 ms, found 2 plugins.
Preloading 0 native plugins for Editor in 0.00 ms.
Unloading 1452 Unused Serialized files (Serialized files now loaded: 0)
System memory in use before: 74.6 MB.
System memory in use after: 74.7 MB.

Unloading 15 unused Assets to reduce memory usage. Loaded Objects now: 1989.
Total: 2.983100 ms (FindLiveObjects: 0.242200 ms CreateObjectMapping: 0.085300 ms MarkObjects: 2.586600 ms  DeleteObjects: 0.067700 ms)

AssetImportParameters requested are different than current active one (requested -> active):
  custom:framework-win-MediaFoundation: 216162199b28c13a410421893ffa2e32 -> 
  custom:video-decoder-ogg-theora: a1e56fd34408186e4bbccfd4996cb3dc -> 
  custom:container-muxer-webm: aa71ff27fc2769a1b78a27578f13a17b -> 
  custom:container-demuxer-webm: 4f35f7cbe854078d1ac9338744f61a02 -> 
  custom:container-demuxer-ogg: 62fdf1f143b41e24485cea50d1cbac27 -> 
  custom:video-encoder-webm-vp8: eb34c28f22e8b96e1ab97ce403110664 -> 
  custom:video-decoder-webm-vp8: 9c59270c3fd7afecdb556c50c9e8de78 -> 
  custom:audio-decoder-ogg-vorbis: bf7c407c2cedff20999df2af8eb42d56 -> 
  custom:audio-encoder-webm-vorbis: bf7c407c2cedff20999df2af8eb42d56 -> 
========================================================================
Received Prepare
Registering precompiled user dll's ...
Registered in 0.002621 seconds.
Begin MonoManager ReloadAssembly
Native extension for WindowsStandalone target not found
Native extension for WebGL target not found
Refreshing native plugins compatible for Editor in 1.33 ms, found 2 plugins.
Preloading 0 native plugins for Editor in 0.00 ms.
Mono: successfully reloaded assembly
- Completed reload, in  1.913 seconds
Platform modules already initialized, skipping
Refreshing native plugins compatible for Editor in 0.47 ms, found 2 plugins.
Preloading 0 native plugins for Editor in 0.00 ms.
Unloading 1452 Unused Serialized files (Serialized files now loaded: 0)
System memory in use before: 74.6 MB.
System memory in use after: 74.7 MB.

Unloading 15 unused Assets to reduce memory usage. Loaded Objects now: 1992.
Total: 1.939700 ms (FindLiveObjects: 0.170700 ms CreateObjectMapping: 0.054600 ms MarkObjects: 1.658100 ms  DeleteObjects: 0.055300 ms)

AssetImportParameters requested are different than current active one (requested -> active):
  custom:framework-win-MediaFoundation: 216162199b28c13a410421893ffa2e32 -> 
  custom:video-decoder-ogg-theora: a1e56fd34408186e4bbccfd4996cb3dc -> 
  custom:container-muxer-webm: aa71ff27fc2769a1b78a27578f13a17b -> 
  custom:container-demuxer-webm: 4f35f7cbe854078d1ac9338744f61a02 -> 
  custom:container-demuxer-ogg: 62fdf1f143b41e24485cea50d1cbac27 -> 
  custom:video-encoder-webm-vp8: eb34c28f22e8b96e1ab97ce403110664 -> 
  custom:video-decoder-webm-vp8: 9c59270c3fd7afecdb556c50c9e8de78 -> 
  custom:audio-decoder-ogg-vorbis: bf7c407c2cedff20999df2af8eb42d56 -> 
  custom:audio-encoder-webm-vorbis: bf7c407c2cedff20999df2af8eb42d56 -> 
========================================================================
Received Prepare
Registering precompiled user dll's ...
Registered in 0.002922 seconds.
Begin MonoManager ReloadAssembly
Native extension for WindowsStandalone target not found
Native extension for WebGL target not found
Refreshing native plugins compatible for Editor in 0.97 ms, found 2 plugins.
Preloading 0 native plugins for Editor in 0.00 ms.
Mono: successfully reloaded assembly
- Completed reload, in  1.206 seconds
Platform modules already initialized, skipping
Refreshing native plugins compatible for Editor in 1.35 ms, found 2 plugins.
Preloading 0 native plugins for Editor in 0.00 ms.
Unloading 1452 Unused Serialized files (Serialized files now loaded: 0)
System memory in use before: 74.6 MB.
System memory in use after: 74.7 MB.

Unloading 15 unused Assets to reduce memory usage. Loaded Objects now: 1995.
Total: 4.977700 ms (FindLiveObjects: 0.248700 ms CreateObjectMapping: 0.127300 ms MarkObjects: 4.513600 ms  DeleteObjects: 0.086600 ms)

AssetImportParameters requested are different than current active one (requested -> active):
  custom:framework-win-MediaFoundation: 216162199b28c13a410421893ffa2e32 -> 
  custom:video-decoder-ogg-theora: a1e56fd34408186e4bbccfd4996cb3dc -> 
  custom:container-muxer-webm: aa71ff27fc2769a1b78a27578f13a17b -> 
  custom:container-demuxer-webm: 4f35f7cbe854078d1ac9338744f61a02 -> 
  custom:container-demuxer-ogg: 62fdf1f143b41e24485cea50d1cbac27 -> 
  custom:video-encoder-webm-vp8: eb34c28f22e8b96e1ab97ce403110664 -> 
  custom:video-decoder-webm-vp8: 9c59270c3fd7afecdb556c50c9e8de78 -> 
  custom:audio-decoder-ogg-vorbis: bf7c407c2cedff20999df2af8eb42d56 -> 
  custom:audio-encoder-webm-vorbis: bf7c407c2cedff20999df2af8eb42d56 -> 
========================================================================
Received Prepare
Registering precompiled user dll's ...
Registered in 0.002397 seconds.
Begin MonoManager ReloadAssembly
Native extension for WindowsStandalone target not found
Native extension for WebGL target not found
Refreshing native plugins compatible for Editor in 0.37 ms, found 2 plugins.
Preloading 0 native plugins for Editor in 0.00 ms.
Mono: successfully reloaded assembly
- Completed reload, in  0.861 seconds
Platform modules already initialized, skipping
Refreshing native plugins compatible for Editor in 0.88 ms, found 2 plugins.
Preloading 0 native plugins for Editor in 0.00 ms.
Unloading 1452 Unused Serialized files (Serialized files now loaded: 0)
System memory in use before: 74.6 MB.
System memory in use after: 74.7 MB.

Unloading 15 unused Assets to reduce memory usage. Loaded Objects now: 1998.
Total: 1.887000 ms (FindLiveObjects: 0.176400 ms CreateObjectMapping: 0.062900 ms MarkObjects: 1.589800 ms  DeleteObjects: 0.056900 ms)

AssetImportParameters requested are different than current active one (requested -> active):
  custom:framework-win-MediaFoundation: 216162199b28c13a410421893ffa2e32 -> 
  custom:video-decoder-ogg-theora: a1e56fd34408186e4bbccfd4996cb3dc -> 
  custom:container-muxer-webm: aa71ff27fc2769a1b78a27578f13a17b -> 
  custom:container-demuxer-webm: 4f35f7cbe854078d1ac9338744f61a02 -> 
  custom:container-demuxer-ogg: 62fdf1f143b41e24485cea50d1cbac27 -> 
  custom:video-encoder-webm-vp8: eb34c28f22e8b96e1ab97ce403110664 -> 
  custom:video-decoder-webm-vp8: 9c59270c3fd7afecdb556c50c9e8de78 -> 
  custom:audio-decoder-ogg-vorbis: bf7c407c2cedff20999df2af8eb42d56 -> 
  custom:audio-encoder-webm-vorbis: bf7c407c2cedff20999df2af8eb42d56 -> 
========================================================================
Received Prepare
Registering precompiled user dll's ...
Registered in 0.002441 seconds.
Begin MonoManager ReloadAssembly
Native extension for WindowsStandalone target not found
Native extension for WebGL target not found
Refreshing native plugins compatible for Editor in 0.38 ms, found 2 plugins.
Preloading 0 native plugins for Editor in 0.00 ms.
Mono: successfully reloaded assembly
- Completed reload, in  0.812 seconds
Platform modules already initialized, skipping
Refreshing native plugins compatible for Editor in 0.43 ms, found 2 plugins.
Preloading 0 native plugins for Editor in 0.00 ms.
Unloading 1452 Unused Serialized files (Serialized files now loaded: 0)
System memory in use before: 74.6 MB.
System memory in use after: 74.7 MB.

Unloading 15 unused Assets to reduce memory usage. Loaded Objects now: 2001.
Total: 1.677800 ms (FindLiveObjects: 0.153100 ms CreateObjectMapping: 0.049700 ms MarkObjects: 1.427400 ms  DeleteObjects: 0.046800 ms)

AssetImportParameters requested are different than current active one (requested -> active):
  custom:framework-win-MediaFoundation: 216162199b28c13a410421893ffa2e32 -> 
  custom:video-decoder-ogg-theora: a1e56fd34408186e4bbccfd4996cb3dc -> 
  custom:container-muxer-webm: aa71ff27fc2769a1b78a27578f13a17b -> 
  custom:container-demuxer-webm: 4f35f7cbe854078d1ac9338744f61a02 -> 
  custom:container-demuxer-ogg: 62fdf1f143b41e24485cea50d1cbac27 -> 
  custom:video-encoder-webm-vp8: eb34c28f22e8b96e1ab97ce403110664 -> 
  custom:video-decoder-webm-vp8: 9c59270c3fd7afecdb556c50c9e8de78 -> 
  custom:audio-decoder-ogg-vorbis: bf7c407c2cedff20999df2af8eb42d56 -> 
  custom:audio-encoder-webm-vorbis: bf7c407c2cedff20999df2af8eb42d56 -> 
========================================================================
Received Import Request.
  Time since last request: 797.922090 seconds.
  path: Assets/Prefabs/Particle System.prefab
  artifactKey: Guid(e7066defee2a08a42907d20130c43390) Importer(815301076,1909f56bfc062723c751e8b465ee728b)
Start importing Assets/Prefabs/Particle System.prefab using Guid(e7066defee2a08a42907d20130c43390) Importer(815301076,1909f56bfc062723c751e8b465ee728b)  -> (artifact id: '9e3610bce4e69602d937a30d126e85a6') in 0.042154 seconds 
  Import took 0.046026 seconds .

========================================================================
Received Import Request.
  Time since last request: 0.057280 seconds.
  path: Assets/Prefabs/Particle System.prefab
  artifactKey: Guid(e7066defee2a08a42907d20130c43390) Importer(815301076,1909f56bfc062723c751e8b465ee728b)
Start importing Assets/Prefabs/Particle System.prefab using Guid(e7066defee2a08a42907d20130c43390) Importer(815301076,1909f56bfc062723c751e8b465ee728b)  -> (artifact id: '9e3610bce4e69602d937a30d126e85a6') in 0.004884 seconds 
  Import took 0.009496 seconds .

========================================================================
Received Import Request.
  Time since last request: 5.414679 seconds.
  path: Assets/Prefabs/Particle System.prefab
  artifactKey: Guid(e7066defee2a08a42907d20130c43390) Importer(815301076,1909f56bfc062723c751e8b465ee728b)
Start importing Assets/Prefabs/Particle System.prefab using Guid(e7066defee2a08a42907d20130c43390) Importer(815301076,1909f56bfc062723c751e8b465ee728b)  -> (artifact id: 'b4b3021e51e6607733c38be0bf21f47f') in 0.004110 seconds 
  Import took 0.007522 seconds .

========================================================================
Received Prepare
Registering precompiled user dll's ...
Registered in 0.002729 seconds.
Begin MonoManager ReloadAssembly
Native extension for WindowsStandalone target not found
Native extension for WebGL target not found
Refreshing native plugins compatible for Editor in 0.39 ms, found 2 plugins.
Preloading 0 native plugins for Editor in 0.00 ms.
Mono: successfully reloaded assembly
- Completed reload, in  0.942 seconds
Platform modules already initialized, skipping
Refreshing native plugins compatible for Editor in 0.43 ms, found 2 plugins.
Preloading 0 native plugins for Editor in 0.00 ms.
Unloading 1452 Unused Serialized files (Serialized files now loaded: 0)
System memory in use before: 74.6 MB.
System memory in use after: 74.7 MB.

Unloading 15 unused Assets to reduce memory usage. Loaded Objects now: 2004.
Total: 2.014000 ms (FindLiveObjects: 0.174300 ms CreateObjectMapping: 0.058500 ms MarkObjects: 1.728300 ms  DeleteObjects: 0.051900 ms)

AssetImportParameters requested are different than current active one (requested -> active):
  custom:framework-win-MediaFoundation: 216162199b28c13a410421893ffa2e32 -> 
  custom:video-decoder-ogg-theora: a1e56fd34408186e4bbccfd4996cb3dc -> 
  custom:container-muxer-webm: aa71ff27fc2769a1b78a27578f13a17b -> 
  custom:container-demuxer-webm: 4f35f7cbe854078d1ac9338744f61a02 -> 
  custom:container-demuxer-ogg: 62fdf1f143b41e24485cea50d1cbac27 -> 
  custom:video-encoder-webm-vp8: eb34c28f22e8b96e1ab97ce403110664 -> 
  custom:video-decoder-webm-vp8: 9c59270c3fd7afecdb556c50c9e8de78 -> 
  custom:audio-decoder-ogg-vorbis: bf7c407c2cedff20999df2af8eb42d56 -> 
  custom:audio-encoder-webm-vorbis: bf7c407c2cedff20999df2af8eb42d56 -> 
AssetImportWorkerClient::OnTransportError - code=2 error=End of file
